GAS LISTING /tmp/ccWJm17V.s 			page 1


   1               		.file	"fiber.c"
   2               	__SP_H__ = 0x3e
   3               	__SP_L__ = 0x3d
   4               	__SREG__ = 0x3f
   5               	__tmp_reg__ = 0
   6               	__zero_reg__ = 1
   7               		.section	.gnu.lto_.profile.76300b20eee0e1c8,"",@progbits
   8 0000 789C 6366 		.string	"x\234cf```a\200"
   8      6060 6061 
   8      8000 
   9 000a 4606 1B5D 		.string	"F\006\033]"
   9      00
  10 000f 0119 00   		.string	"\001\031"
  11 0012 72        		.ascii	"r"
  12               		.text
  13               		.section	.gnu.lto_.jmpfuncs.76300b20eee0e1c8,"",@progbits
  14 0000 789C 6366 		.string	"x\234cf\300\016\224\2414\033\003##c=#\003\003\0233\220\301^__\317\002\024db\004\2120\2603
  14      C00E 94A1 
  14      341B 0323 
  14      2363 3D23 
  14      0303 1333 
  15 0027 35BA 0252 		.ascii	"5\272\002R"
  16               		.text
  17               		.section	.gnu.lto_.inline.76300b20eee0e1c8,"",@progbits
  18 0000 789C 6366 		.string	"x\234cf\300\016\326@i6\006\006N\016F&\006F\006f\006\020!\300\306\366A\217\201\343\203\036
  18      C00E D640 
  18      6936 0606 
  18      4E0E 4626 
  18      0646 0666 
  19 0077 920C 12DC 		.ascii	"\222\f\022\334"
  20               		.text
  21               		.section	.gnu.lto_.pureconst.76300b20eee0e1c8,"",@progbits
  22 0000 789C 6366 		.string	"x\234cf``\340e\200"
  22      6060 E065 
  22      8000 
  23 000a 3606 2946 		.string	"6\006)F\006&)\026\0266+v+"
  23      0626 2916 
  23      1636 2B76 
  23      2B00 
  24 0018 04EB 00   		.string	"\004\353"
  25 001b D7        		.ascii	"\327"
  26               		.text
  27               		.section	.gnu.lto_list_del.76300b20eee0e1c8,"",@progbits
  28 0000 789C 9592 		.ascii	"x\234\225\222MK[Q\020\206\317;'\336FT\264]f\245\013\021\224\330"
  28      4D4B 5B51 
  28      1086 CF3B 
  28      27DE 4654 
  28      B45D 66A5 
  29 0018 E21F 70E9 		.ascii	"\342\037p\351/\021*\224.\252\233\256<\021Ap\245\b\255X?\020\021"
  29      2F11 2A94 
  29      2EAA 9BAE 
  29      3C11 4170 
  29      A508 AD58 
  30 002f 3FE2 47D2 		.ascii	"?\342G\322\326D\353\346\202K\3216\033C\2730*7\220.\n\211\th\026"
  30      D644 EBE6 
  30      824B D136 
  30      1B43 BB30 
GAS LISTING /tmp/ccWJm17V.s 			page 2


  30      2A37 902E 
  31 0048 6267 CE0D 		.ascii	"bg\316\r\2101\"^\270\314\231{\336y\336\231\341j\365\360\t\361"
  31      8831 225E 
  31      B8CC 997B 
  31      DE79 DE99 
  31      E16A F5F0 
  32 005e 9B23 A55E 		.ascii	"\233#\245^r\204V\240\211c\245\"A\002\344\240\240\206\t\303\370"
  32      7284 56A0 
  32      8963 A522 
  32      4102 E4A0 
  32      A086 09C3 
  33 0073 4B05 C284 		.ascii	"K\005\302\204\033\235n\350X6\306\344/\2221\230\3617e.,\222\017"
  33      1B9D 6EE8 
  33      5836 C6E4 
  33      2F92 3198 
  33      F137 652E 
  34 008a C20A 3A58 		.ascii	"\302\n:X\264X\232\236\017\352F(>\037^\\\027\033sT&\264H:\223"
  34      B458 9A9E 
  34      0FEA 4628 
  34      3E1F 5E5C 
  34      171B 7354 
  35 00a3 CE96 B4A4 		.ascii	"\316\226\264\244D\222\036m\255\376jn_2f\304\315\214\233V\224"
  35      4492 1E6D 
  35      ADFE 6A6E 
  35      5F32 66C4 
  35      CD8C 9B56 
  36 00b8 4963 159A 		.ascii	"Ic\025\232yXC\b\353\b)\376\244\020E\273\310\013\2437\351\006"
  36      7958 4308 
  36      EB08 29FE 
  36      A410 45BB 
  36      C80B A337 
  37 00ce 6794 DD5B 		.ascii	"g\224\335[|Ol\300\001\307\355W\256\271\275-f&s=\250\347\276Y"
  37      7C4F 6CC0 
  37      01C7 ED57 
  37      AEB9 BD2D 
  37      6626 733D 
  38 00e6 AFA5 3260 		.ascii	"\257\2452`\313\225\307Z\031%\313\256\034\365\037\214$\342^\233"
  38      CB95 C75A 
  38      1925 CBAE 
  38      1CF5 1F8C 
  38      24E2 5E9B 
  39 00fa 545F 9166 		.ascii	"T_\221fp\306\373\231\nJ[,\346t\347z\341_\323\034\276D\214q{\313"
  39      70C6 FB99 
  39      0A4A 5B2C 
  39      E674 E77A 
  39      E15F D31C 
  40 0114 14B8 22C2 		.ascii	"\024\270\"\302&\367\"w\263\245\251\337\315\341(\367\340\212\036"
  40      26F7 2277 
  40      B3A5 A9DF 
  40      CDE1 28F7 
  40      E08A 1E
  41 0127 5B98 C3A5 		.ascii	"[\230\303\245\235\037\333\b+A\303\007\007\252H\235O\220b\226"
  41      9D1F DB08 
  41      2B41 C307 
  41      07AA 489D 
  41      4F90 6296 
  42 013b 24E3 20EE 		.ascii	"$\343 \356\223>\025NR\372\336\334\356\344\030\354\324EB\365F"
GAS LISTING /tmp/ccWJm17V.s 			page 3


  42      933E 154E 
  42      52FA DEDC 
  42      EEE4 18EC 
  42      D445 42F5 
  43 0150 F015 0ED7 		.ascii	"\360\025\016\327~\203s\3378h}u\r\337\263\315\003\273\362\357"
  43      7E83 73DF 
  43      3868 7D75 
  43      0DDF B3CD 
  43      03BB F2EF 
  44 0164 1567 4BC0 		.ascii	"\025gK\300\016\302\334\274\365\217\247S\3721`\240\326 \216\340"
  44      0EC2 DCBC 
  44      F58F A753 
  44      FA31 60A0 
  44      D620 8EE0 
  45 0178 1295 95F8 		.ascii	"\022\225\225\370\270\244\340\264\340\362y\357\\K\363U\213yQs"
  45      B8A4 E0B4 
  45      E0F2 79EF 
  45      5C4B F355 
  45      8B79 5173 
  46 018c 315D 82DA 		.ascii	"1]\202\332\275\333\356\036\302V!\240X\366\271\240\037w\313\335"
  46      BDDB EE1E 
  46      C256 21A0 
  46      58F6 B9A0 
  46      1F77 CBDD 
  47 01a0 AF80 4E11 		.ascii	"\257\200N\021q?\367\tF\370\036_\362\277\301^\365\335\257\337"
  47      713F F709 
  47      46F8 1E5F 
  47      F2BF C15E 
  47      F5DD AFDF 
  48 01b4 0D0C 0E75 		.ascii	"\r\f\016u\277Uu\375\357\207>|\374\017\b\212\rc"
  48      BF55 75FD 
  48      EF87 3E7C 
  48      FC0F 088A 
  48      0D63 
  49               		.text
  50               		.section	.gnu.lto_fiber_run.76300b20eee0e1c8,"",@progbits
  51 0000 789C 6366 		.string	"x\234cf\300\004R@\\\f\304\\@\314\310\314\300\3104\341\034\003C#\007\023##\210\301\300\310
  51      C004 5240 
  51      5C0C C45C 
  51      40CC C8CC 
  51      C0C8 34E1 
  52 004a D57C 6CF9 		.string	"\325|l\371{\235\233\255\005\250F"
  52      7B9D 9BAD 
  52      05A8 4600 
  53 0056 22C7 B882 		.string	"\"\307\270\202\221\215\021H\257\027:\320\360\377\377\3449K\330\201\242O\200\030d\374S&&\0
  53      918D 1148 
  53      AF17 3AD0 
  53      F0FF FFE4 
  53      394B D881 
  54 008e 32A1 2AEF 		.ascii	"2\241*\357"
  55               		.text
  56               		.section	.gnu.lto_fiber_create.76300b20eee0e1c8,"",@progbits
  57 0000 789C 9594 		.string	"x\234\225\224YO\023Q\024\307\357\377N;L\313P\032\345\301hL|\220H4\305\027\343\203\337\300
  57      594F 1351 
  57      14C7 EFFF 
  57      4E3B 4CCB 
  57      501A E5C1 
GAS LISTING /tmp/ccWJm17V.s 			page 4


  58 0075 DF08 8872 		.ascii	"\337\b\210r\211r\274\227S\022\217Fg\342\346\204LH\341\025\264"
  58      8972 BC97 
  58      5312 8F46 
  58      67E2 E684 
  58      4C48 E115 
  59 008a 3D39 343E 		.ascii	"=94>\255\361\026\222\267\321\372h(w\3059\313\3323\331_\177\254"
  59      ADF1 1692 
  59      B7D1 FA68 
  59      2877 C539 
  59      CBDA 33D9 
  60 00a1 6053 424A 		.ascii	"`SBJ\021\227\002\365X\214\363\3400\270\200\025d8\336\326q\301"
  60      1197 02F5 
  60      588C F3E0 
  60      30B8 8015 
  60      6438 DED6 
  61 00b7 D4B2 C14E 		.ascii	"\324\262\301N\257{\336\336\317\316?KN\221k\007\254eHH\r\027\241"
  61      AF7B DEDE 
  61      CFCE 3F4B 
  61      4E91 6B07 
  61      AC65 4848 
  62 00ce CDF6 A323 		.ascii	"\315\366\243#\201K\310'\353\347W\373\342\320<\312s$q\360D\256"
  62      814B C827 
  62      EBE7 57FB 
  62      E2D0 3CCA 
  62      7324 71F0 
  63 00e4 ED19 B53D 		.ascii	"\355\031\265=\035h\310\364t\b\\V\236\303u\223\257\\Z\236\362"
  63      1D68 C8F4 
  63      7408 5C56 
  63      9EC3 7593 
  63      AF5C 5A9E 
  64 00f9 6C0D BD88 		.ascii	"l\r\275\210I\333s\302\366t\"\234\351\351\024hD>\233O\005\276"
  64      49DB 73C2 
  64      F674 229C 
  64      E9E9 1468 
  64      443E 9B4F 
  65 010f 0F65 EB01 		.ascii	"\017e\353\001\313\262\274\234\017\245q\005:\350\332\270 b%\223"
  65      CBB2 BC9C 
  65      0FA5 7105 
  65      3AE8 DAB8 
  65      2062 2593 
  66 0123 2DC1 AE3A 		.ascii	"-\301\256:\344\001\034\310\001v\322\301r\r\202\300E\213\356\246"
  66      E401 1CC8 
  66      0176 D2C1 
  66      720D 82C0 
  66      458B EEA6 
  67 0137 25CB A4C5 		.ascii	"%\313\244\305\360\360\235\227\357\204\030#\024Wx\234\312DW\355"
  67      F0F0 9D97 
  67      EF84 1823 
  67      1457 789C 
  67      CA44 57ED 
  68 014b 25F6 5435 		.ascii	"%\366T5\205\2260\234\202\276\031\353\3553\270\266dE\333\266\231"
  68      8596 309C 
  68      82BE 19EB 
  68      ED33 B8B6 
  68      6445 DBB6 
  69 0160 E0C7 9C5A 		.ascii	"\340\307\234Z\234\362[VDKH\327\027jO\023\327\224\236\235\371"
  69      9CF2 5B56 
GAS LISTING /tmp/ccWJm17V.s 			page 5


  69      444B 48D7 
  69      176A 4F13 
  69      D794 9E9D 
  70 0175 D033 EAF1 		.ascii	"\3203\352\361\255\342\374\233Q\213O,Q\240\005>2\022L\235\n\025"
  70      ADE2 FC9B 
  70      518B 4F2C 
  70      51A0 053E 
  70      3212 4C9D 
  71 018b A4A8 FFC2 		.ascii	"\244\250\377\302\324L\037\035\316e\214\023\255\n\303)\242\215"
  71      D44C 1F1D 
  71      CE65 8C13 
  71      AD0A C329 
  71      A28D 
  72 019d 310E 8569 		.ascii	"1\016\205i:\267h>\030\r\355\n\243*v\2251:a\366V\356\213\005r"
  72      3AB7 683E 
  72      180D ED0A 
  72      A32A 7695 
  72      313A 61F6 
  73 01b6 98F3 451A 		.ascii	"\230\363E\032D&\217\352\0173\255*U$\223\324\351k\004\"\273\343"
  73      4426 8FEA 
  73      0F33 AD2A 
  73      5524 93D4 
  73      E96B 0422 
  74 01cc BA6D C470 		.ascii	"\272m\304p2e\005\261\212A\330\207n:\347\223\312\323\346|$\271"
  74      3265 05B1 
  74      8A41 D887 
  74      6E3A E793 
  74      CAD3 E67C 
  75 01e2 715D 49D2 		.ascii	"q]I\322X\322\r\226\344f\312\347\212w\313m\256\231AZ9\027)\033"
  75      58D2 0D96 
  75      E466 CAE7 
  75      8A77 CB6D 
  75      AE99 415A 
  76 01fa 1D8A E410 		.ascii	"\035\212\344\020\352\274\275\341\341@N\3317\032\221\b\345a\340"
  76      EABC BDE1 
  76      E140 4ED9 
  76      371A 9108 
  76      E561 E0
  77 020d 267C 14E1 		.ascii	"&|\024\341\026\312\030\337>\034<\241\245\315\321H`\241\032\242"
  77      16CA 18DF 
  77      3E1C 3CA1 
  77      A5CD D148 
  77      60A1 1AA2 
  78 0221 B844 E680 		.ascii	"\270D\346\200\3416\350]D'\253\361\322\263\272\201CaI\344\375"
  78      E136 E85D 
  78      4427 ABF1 
  78      D2B3 BA81 
  78      4361 49E4 
  79 0236 9641 E0EF 		.ascii	"\226A\340\357\322\216\367{:\f\265=\357\017\324\300\226l\260\266"
  79      D28E F77B 
  79      3A0C B53D 
  79      EF0F D4C0 
  79      966C B0B6 
  80 024a 08CA D095 		.ascii	"\b\312\320\225\222\374\243\341p\263\356\273D\360+\235\315:\213"
  80      92FC A3E1 
  80      70B3 EEBB 
  80      44F0 2B9D 
GAS LISTING /tmp/ccWJm17V.s 			page 6


  80      CD3A 8B
  81 025d EB56 CA9D 		.ascii	"\353V\312\235v(\334!\251\252\273\341\245iR\"-\373\240t\304\245"
  81      7628 DC21 
  81      A9AA BBE1 
  81      A569 5222 
  81      2DFB A074 
  82 0273 FC43 648F 		.ascii	"\374Cd\217\022yWU\376\357\n3%\335\373\253\244\221W&+\272\377"
  82      1279 5755 
  82      FEEF 0A33 
  82      25DD FBAB 
  82      A491 5726 
  83 028a 4B11 73F1 		.ascii	"K\021s\361\200\033c\332\223\033^\232\2122\253+\314\343\246t\245"
  83      801B 63DA 
  83      931B 5E9A 
  83      8A32 AB2B 
  83      CCE3 A674 
  84 029f 3585 7111 		.ascii	"5\205q\021\225\337CE\323S\264(|\377-\362\321,\221\257\307\276"
  84      95DF 4345 
  84      D353 B428 
  84      7CFF 2DF2 
  84      D12C 91AF 
  85 02b5 6E50 0E93 		.ascii	"nP\016\223\335\353\231\372\230\f\271g\002O\354\266V%\202\261"
  85      DDEB 99FA 
  85      980C B967 
  85      024F ECB6 
  85      5625 82B1 
  86 02c9 75F3 57F7 		.ascii	"u\363W\3674-\327^\316\325k\347\3328g\256\3369i\317\322r\355\373"
  86      342D D75E 
  86      CED5 6BE7 
  86      DA38 67AE 
  86      DE39 69CF 
  87 02e1 5DB9 5845 		.ascii	"]\271XE\365\2235\366L{\322\322\347\2216\343\374\006\240\337\316"
  87      F593 35F6 
  87      4C7B D2D2 
  87      E791 36E3 
  87      FC06 A0DF 
  88 02f6 63DE EFD0 		.ascii	"c\336\357\320\200\212\231\305\357\320 \007\364\210\030\374\221"
  88      808A 99C5 
  88      EFD0 2007 
  88      F488 18FC 
  88      91
  89 0307 5A97 1D8E 		.ascii	"Z\227\035\216\277\032c\264\322'\215\252ll-)\332\262\263\260X"
  89      BF1A 63B4 
  89      D227 8DAA 
  89      6C6C 2D29 
  89      DAB2 B3B0 
  90 031c C8E2 2267 		.ascii	"\310\342\"g\351\256\315\305\333\335j\335XZ\262{\213\253p\365"
  90      E9AE CDC5 
  90      DBDD 6ADD 
  90      585A B27B 
  90      8BAB 70F5 
  91 0330 8E92 D25D 		.ascii	"\216\222\322]\205\333\304O\205\213;\221"
  91      85DB C44F 
  91      858B 3B91 
  92               		.text
  93               		.section	.gnu.lto_fiber_current.76300b20eee0e1c8,"",@progbits
  94 0000 789C 654E 		.ascii	"x\234eN=K\003Q\020\334\231\007\3410\202\3012\177 V\376\246\240"
GAS LISTING /tmp/ccWJm17V.s 			page 7


  94      3D4B 0351 
  94      10DC 9907 
  94      E130 82C1 
  94      327F 2056 
  95 0017 28D8 DA87 		.ascii	"(\330\332\207\354\205+\254$\250U\374\250\224D\243'\370\013\254"
  95      EC85 2BAC 
  95      24A8 55FC 
  95      A894 44A3 
  95      27F8 0BAC 
  96 002b 2328 6211 		.ascii	"#(b\021\260P\220\013h\347q\202\036\022\342\256\330\371`\330\235"
  96      B050 900B 
  96      68E7 7182 
  96      1E12 E2AE 
  96      D8F9 60D8 
  97 0040 7DB3 3B13 		.ascii	"}\263;\023\344\377\253\033\n\303\234\001A\300\356\255H\034\021"
  97      E4FF AB1B 
  97      0AC3 9C01 
  97      41C0 EEAD 
  97      481C 11
  98 0053 F046 206D 		.ascii	"\360F m\242\2157\346\304\315\313W1\377\312\222R\023\243\275\361"
  98      A28D 37E6 
  98      C4CD CB57 
  98      31FF CA92 
  98      5213 A3BD 
  99 0068 E423 3805 		.ascii	"\344#8\005\235\216\372\243\343\205\306\211j\347\375j\270\267"
  99      9D8E FAA3 
  99      E385 C689 
  99      6AE7 FD6A 
  99      B8B7 
 100 007a D42C 4929 		.ascii	"\324,I)(\350\243\216\001\334\006\247h\2702O\246\343j%Q\325\232"
 100      28E8 A38E 
 100      01DC 06A7 
 100      68B8 324F 
 100      A6E3 6A25 
 101 0091 2BEC E30C 		.ascii	"+\354\343\f\025X\275\\\274\326\331l7\315\252\201\342\373\222"
 101      1558 BD5C 
 101      BCD6 D96C 
 101      37CD AA81 
 101      E2FB 92
 102 00a4 193C C7C4 		.ascii	"\031<\307\304\210\325\360\210\316N\236\322\027>\351\231\216\036"
 102      88D5 F088 
 102      CE4E 9ED2 
 102      173E E999 
 102      8E1E 
 103 00b6 B653 B6BE 		.ascii	"\266S\266\276uK\243\222a\352\327l\372\234\335\335G\036-\374\322"
 103      754B A392 
 103      61EA D76C 
 103      FA9C DDDD 
 103      471E 2DFC 
 104 00cb 419C 1CE0 		.ascii	"A\234\034\340\020\373\261\272\212\030\242\205s\217\204\013\033"
 104      10FB B1BA 
 104      8A18 A285 
 104      738F 840B 
 104      1B
 105 00dc CB13 F077 		.ascii	"\313\023\360wP\334\021\356dm\264\276\261\262\266\271\274*?P\316"
 105      50DC 11EE 
 105      646D B4BE 
GAS LISTING /tmp/ccWJm17V.s 			page 8


 105      B1B2 B6B9 
 105      BC2A 3F50 
 106 00f1 5A99      		.ascii	"Z\231"
 107               		.text
 108               		.section	.gnu.lto__fiber_switch.76300b20eee0e1c8,"",@progbits
 109 0000 789C 654F 		.ascii	"x\234eO=K\003Q\020\334\331w\206\013'r\210\215\007B\232#V\202"
 109      3D4B 0351 
 109      10DC D977 
 109      860B 2772 
 109      888D 0742 
 110 0018 BFC1 3FE0 		.ascii	"\277\301?\340O\020%\242]\210h\233\027\211\205\nz\245X*\342G\214"
 110      4F10 25A2 
 110      5D88 689B 
 110      1789 850A 
 110      7AA5 582A 
 111 002f A904 1BE5 		.ascii	"\251\004\033\345\242\245`\025\b&`!\t\030l\fg\341\t\022\367y\330"
 111      A2A5 6015 
 111      0826 6021 
 111      0918 6C0C 
 111      67E1 0912 
 112 0046 E8C2 B23B 		.ascii	"\350\302\262;\313\3140\253\350\177y\322\343 \232\220\tE\340\340"
 112      CBCC 30AB 
 112      E87F 79D2 
 112      E320 9A90 
 112      0945 E0E0 
 113 005a 81A8 6433 		.ascii	"\201\250d3`\026\002\025\031E\364\270\317\b\302\312\236\223=\322"
 113      6016 0215 
 113      1945 F4B8 
 113      CF08 C2CA 
 113      9E93 3DD2 
 114 006e 5ABF 1D54 		.ascii	"Z\277\035T\365\344\\\314D\021'68FV(\257\237;\201\255\034\220"
 114      F5E4 5CCC 
 114      4411 2736 
 114      3846 5628 
 114      AF9F 3B81 
 115 0085 ECF7 CF1F 		.ascii	"\354\367\317\037\321\360\013\307\f\327\300\375f\367]\031\310"
 115      D1F0 0BC7 
 115      0CD7 C0FD 
 115      66F7 5D19 
 115      C8
 116 0096 6CE0 C655 		.ascii	"l\340\306U\320\030\361\017\265^\017\257\267t\0061+\234@\211\037"
 116      D018 F10F 
 116      B55E 0FAF 
 116      B774 0631 
 116      2B9C 4089 
 117 00ab 4EE1 E10C 		.ascii	"N\341\341\f\036\311\211P\201/\354\336\355\356\r\224\373\343["
 117      1EC9 8950 
 117      812F ECDE 
 117      EDEE 0D94 
 117      FBE3 5B
 118 00be DF6E 6CA6 		.ascii	"\337nl\246\022e+QZ8\377\253\264\bU\370\206\336/\1775\235TYR\273"
 118      1265 2B51 
 118      5A38 FFAB 
 118      B408 55F8 
 118      86DE 2F7F 
 119 00d8 495A 5C20 		.ascii	"IZ\\ %\017Sm4\324\203AtYoA\316\035i\363qW\342\311Tm\350\273\307"
 119      250F 536D 
GAS LISTING /tmp/ccWJm17V.s 			page 9


 119      34D4 8341 
 119      7459 6F41 
 119      CE1D 69F3 
 120 00f5 B4E1 9AF7 		.ascii	"\264\341\232\367\306\350\t\245\260=\364\213;\f\303\022\215\275"
 120      C6E8 09A5 
 120      B03D F48B 
 120      3B0C C312 
 120      8DBD 
 121 0107 B83C 9F2B 		.ascii	"\270<\237+L-\220\225/\344\326\324\314\354t:\277\272\262\224\221"
 121      4C2D 9095 
 121      2FE4 D6D4 
 121      CCEC 743A 
 121      BFBA B294 
 122 011c 85BE 016E 		.ascii	"\205\276\001n_i\003"
 122      5F69 03
 123               		.text
 124               		.section	.gnu.lto_fiber_cede.76300b20eee0e1c8,"",@progbits
 125 0000 789C 9595 		.string	"x\234\225\225\317O\023Q\020\307\337\274\355.K\177YM\364@\202\361\006\211)\306\253\211\027
 125      CF4F 1351 
 125      10C7 DFBC 
 125      ED2E 4B7F 
 125      594D F440 
 126 0090 F483 012B 		.string	"\364\203\001+\341\222I\206\022\370\306\303\034*\002-5\226\234\353\232\246\315\225z\265\33
 126      E192 4986 
 126      12F8 C6C3 
 126      1C2A 022D 
 126      3596 9CEB 
 127 0118 752E 8DAC 		.string	"u.\215\254"
 127      00
 128 011d 6E41 31DC 		.string	"nA1\334\206,Dj\301e6\006\356`\331\226U\315\025o\244\205V\262cD \261\210CB\333\211\262\230
 128      862C 446A 
 128      C165 3606 
 128      EE60 D996 
 128      55CD 156F 
 129 0142 C063 E493 		.string	"\300c\344\223(\301\323"
 129      28C1 D300 
 130 014a C870 0701 		.string	"\310p\007\001<$\214\357\376\264^hW\234-X\247\231\330\001t"
 130      3C24 8CEF 
 130      FEB4 5E68 
 130      579C 2D58 
 130      A799 D801 
 131 0160 2F5A FE10 		.string	"/Z\376\020\305\304\267\345\2137\252\024\224G7\005\332\300\211D>(\216\023\231X\243M/I\337U
 131      C5C4 B7E5 
 131      8B37 AA14 
 131      9447 3705 
 131      DAC0 8944 
 132 0213 B340 AA6A 		.ascii	"\263@\252j\237';)v\240\3434\210\300\021l\301T\252\247\202\252"
 132      9F27 3B29 
 132      76A0 E334 
 132      88C0 116C 
 132      C154 AAA7 
 133 0229 67ED D61B 		.ascii	"g\355\326\033\"\365\246\337\303)+\021=[&\"]\350\003'VK@\205="
 133      22F5 A6DF 
 133      C329 2B11 
 133      3D5B 2622 
 133      5DE8 0327 
 134 0242 D9F1 2809 		.ascii	"\331\361(\t\033Fz\264_\236\244\375\"\271\200\310\357y\274#t\265"
GAS LISTING /tmp/ccWJm17V.s 			page 10


 134      1B46 7AB4 
 134      5F9E A4FD 
 134      22B9 80C8 
 134      EF79 BC23 
 135 0258 17E0 5C37 		.ascii	"\027\340\\7\344\313\004\310\217\241\337\373\205\303\334\210\217"
 135      E4CB 04C8 
 135      8FA1 DFFB 
 135      85C3 DC88 
 135      8F
 136 0269 7CA0 1F2D 		.ascii	"|\240\037-\305.\303+\275\245\252\243\345\323\273\376\037\357"
 136      C52E C32B 
 136      BDA5 AAA3 
 136      E5D3 BBFE 
 136      1FEF 
 137 027b 7552 B203 		.ascii	"uR\262\003\224\254]O\326k\230\254\335Pm0)\331\241\345\322\365"
 137      94AC 5D4F 
 137      D66B 98AC 
 137      DD50 6D30 
 137      29D9 A1E5 
 138 0291 2C9C BB54 		.ascii	",\234\273T\333\224\2417\274\212~\223\325\227;-4\032\314\007\223"
 138      DB94 A137 
 138      BC8A 7E93 
 138      D597 3B2D 
 138      341A CC07 
 139 02a6 2685 59A8 		.ascii	"&\205Y\250\016\373g\002v\n\350\206(\267\300\033\310\202\267\342"
 139      0EFB 6702 
 139      760A E886 
 139      28B7 C01B 
 139      C882 B7E2 
 140 02ba 9C0E D3A4 		.ascii	"\234\016\323\244\242\263>k\213\237\364\304\223\243\030\235\034"
 140      A2B3 3E6B 
 140      8B9F F4C4 
 140      93A3 189D 
 140      1C
 141 02cb 2B8C 082E 		.ascii	"+\214\b.\211\006\360(A\251B\30578\033\037b\346u\017\215w+Cc,"
 141      8906 F028 
 141      41A9 42C5 
 141      3738 1B1F 
 141      62E6 750F 
 142 02e5 0EE3 075D 		.ascii	"\016\343\007]\303\222\200\003\002\305\234\016\345\375*\312\270"
 142      C392 8003 
 142      02C5 9C0E 
 142      E5FD 2ACA 
 142      B8
 143 02f6 68F6 9ECA 		.ascii	"h\366\236\312Y\036\317f5q\027\035\352\304\324'\320\rc\260I\320"
 143      591E CF66 
 143      3571 171D 
 143      EAC4 D427 
 143      D00D 63B0 
 144 030c 7A27 20F5 		.ascii	"z' \365\0044\213\023\020\244+c\233\305\\\224\305\177\3054\270"
 144      0434 8B13 
 144      10A4 2B63 
 144      9BC5 5C94 
 144      C57F C534 
 145 0321 1C62 5086 		.ascii	"\034bP\206\260\311p\001\263R\217\026\036>r\"/\237e\346\3558V"
 145      B0C9 7001 
 145      B352 8F16 
GAS LISTING /tmp/ccWJm17V.s 			page 11


 145      1E3E 7222 
 145      2F9F 65E6 
 146 0338 5874 32AF 		.ascii	"Xt2\257\200e\036?UT\260m\357\276\235\354/`\001l;"
 146      8065 1E3F 
 146      5554 B06D 
 146      EFBE 9DEC 
 146      2F60 016C 
 147               		.text
 148               		.section	.gnu.lto_.symbol_nodes.76300b20eee0e1c8,"",@progbits
 149 0000 789C 55CA 		.ascii	"x\234U\312\315\r@P\024\006\321q\037a\341_\242\335\317\322R\001"
 149      CD0D 4050 
 149      1406 D171 
 149      1F61 E15F 
 149      A2DD CFD2 
 150 0016 083B 7528 		.ascii	"\b;u(@\027\372\020B\342\315\362d\034\320\361f\241`8@bZ\372\024"
 150      4017 FA10 
 150      42E2 CDF2 
 150      641C D0F1 
 150      66A1 6038 
 151 002f 2B14 7C30 		.ascii	"+\024|0n7\224\262\017\346%!\312XMX%\347q\032<\\+\374\2635\212"
 151      6E37 94B2 
 151      0FE6 2521 
 151      CA58 4D58 
 151      25E7 711A 
 152 004a BC2D B77B 		.ascii	"\274-\267{s1\354g\313\005k\311 A"
 152      7331 EC67 
 152      CB05 6BC9 
 152      2041 
 153               		.text
 154               		.section	.gnu.lto_.refs.76300b20eee0e1c8,"",@progbits
 155 0000 789C 25C4 		.ascii	"x\234%\304\201\r\2000\020\303\300$\376W[\220:\020\373\017\006"
 155      810D 8030 
 155      10C3 C024 
 155      FE57 5B90 
 155      3A10 FB0F 
 156 0015 153E C948 		.ascii	"\025>\311Hz\364W\021\313\\\341\216w8\\j\317\361-\340\256Pb\230"
 156      7AF4 5711 
 156      CB5C E18E 
 156      7738 5C6A 
 156      CFF1 2DE0 
 157 002d 1996 7A67 		.ascii	"\031\226zg\036z\001(\361\001\036"
 157      1E7A 0128 
 157      F101 1E
 158               		.text
 159               		.section	.gnu.lto_.decls.76300b20eee0e1c8,"",@progbits
 160 0000 789C 8D56 		.ascii	"x\234\215VoPT\327\025\177\347\275]vY\026\260\305I2L\247\241\230"
 160      6F50 54D7 
 160      157F E7BD 
 160      5D76 5916 
 160      B0C5 4932 
 161 0018 A1B6 75C0 		.ascii	"\241\266u\300"
 162 001c 743A CEF4 		.string	"t:\316\364S;\223\017\325/\211\037\332O\371\260\301\335M\241u(\201\3056\235q\372\370\247\0
 162      533B 930F 
 162      D52F 891F 
 162      DA4F F9B0 
 162      C1DD 4DA1 
 163 011d 78BC 3FC4 		.string	"x\274?\304w\003\276\267\342;\n\270_\215\032\237'\326!u\216\371l\362\213UT\371\006\307\272
GAS LISTING /tmp/ccWJm17V.s 			page 12


 163      7703 BEB7 
 163      E23B 0AB8 
 163      5F8D 1A9F 
 163      27D6 2175 
 164 01c5 1D81 5932 		.ascii	"\035\201Y2J\205\310Pv\311r\314\007\002\234\305\305J\346\340\234"
 164      4A85 C850 
 164      76C9 72CC 
 164      0702 9CC5 
 164      C54A E6E0 
 165 01da EAF1 3CEC 		.ascii	"\352\361<\354\200\313\020\007u\020\013\227 \226b`\370\235UG\344"
 165      80CB 1007 
 165      7510 0B97 
 165      2096 6260 
 165      F89D 5547 
 166 01ef 986B 40E8 		.ascii	"\230k@\350\027\202\321\267{\301\317\240"
 166      1782 D1B7 
 166      7BC1 CFA0 
 167 01fb 6BA5 7AA7 		.string	"k\245z\247\206\255\013\314Y@.\207'\347/\205hDN\005\336\245\f6?P\376\364j1\243\324)\313\25
 167      86AD 0BCC 
 167      5940 2E87 
 167      27E7 2F85 
 167      6844 4E05 
 168 02fc 9DDE 5008 		.string	"\235\336P\b\305S\265\223\256\321P)\007\210EQnss\004\305\020\302\206\367\253\347\032C%\007
 168      C553 B593 
 168      AED1 5029 
 168      0788 4551 
 168      6E73 7304 
 169 03ee A5B4 71AB 		.ascii	"\245\264q\253\362\036a\r \326\210\177\003x\340k?\244\372Y+S\305"
 169      F21E 610D 
 169      20D6 887F 
 169      0378 E06B 
 169      3FA4 FA59 
 170 0405 5CC3 AD60 		.ascii	"\\\303\255`\325\333A\252\237\222W\266\373n\004\253~\356S\245"
 170      D5DB 41AA 
 170      9F92 57B6 
 170      FB6E 04AB 
 170      7EEE 53A5 
 171 0419 9E55 C07B 		.ascii	"\236U\300{V\033\256_a\353\355\252\001\353Y_c\202\276\302\236"
 171      561B AE5F 
 171      61EB EDAA 
 171      01EB 595F 
 171      6382 BEC2 
 172 042e 358A F225 		.ascii	"5\212\362%\3120\312\020\312\230_\017SN\3243\254w\214\320\021"
 172      CA30 CA10 
 172      CA98 5F0F 
 172      534E D433 
 172      AC77 8CD0 
 173 0443 0C55 19C0 		.ascii	"\fU\031\300JV\216\017\376\b5Y\223\273\252\252z;eP\263+\301f7"
 173      4A56 8E0F 
 173      FE08 3559 
 173      93BB AAAA 
 173      7A3B 6550 
 174 045c F252 B323 		.ascii	"\362R\263#\270\223\336\204\r\006\343=\364\341a\356oN6\255E\004"
 174      B893 DE84 
 174      0D06 E33D 
 174      F4E1 61EE 
 174      6F4E 36AD 
GAS LISTING /tmp/ccWJm17V.s 			page 13


 175 0472 6CDA 9180 		.ascii	"l\332\221\200\306\255x7m\236\375\354M\211:(\313\030\357\240="
 175      C6AD 7837 
 175      6D9E FDEC 
 175      4D89 3A28 
 175      CB18 EFA0 
 176 0487 478F 7587 		.ascii	"G\217u\207\323\034F6\0164\227\327^q9\214\346X\021\036\361\311"
 176      D31C 4636 
 176      0E34 97D7 
 176      5E71 398C 
 176      E658 111E 
 177 049d D287 8E0E 		.ascii	"\322\207\216\016\215\177\357C\277\336\3467A\315\357\261\247\331"
 177      8D7F EF43 
 177      BFDE E637 
 177      41CD EFB1 
 177      A7D9 
 178 04af 66CE E7DF 		.ascii	"f\316\347\337\320J#|o\f\266\035\031\326a\373s\326(\355\345P\""
 178      D04A 237C 
 178      6F0C B61D 
 178      19D6 61FB 
 178      73D6 28ED 
 179 04c6 77BA DDBF 		.ascii	"w\272\335\277a\0060\351\327\373&=\275o\212z\337\300L\367x\310"
 179      6106 30E9 
 179      D7FB 263D 
 179      BD6F 8A7A 
 179      DFC0 4CF7 
 180 04dc 6660 DF04 		.ascii	"f`\337\004t\332\307S\356\2450i\232c=\355\375,\307HX\316\021<"
 180      74DA C753 
 180      EEA5 3069 
 180      9A63 3DED 
 180      FD2C C748 
 181 04f4 7232 E575 		.ascii	"r2\345u\267;[\226\201\331\300\264\037\336\264\007o\206\360\326"
 181      B73B 5B96 
 181      81D9 C0B4 
 181      1FDE B407 
 181      6F86 F0D6 
 182 0508 73D6 3275 		.ascii	"s\3262u\024\361=of\226\016\347\326kh\216\201?\341Y\230\310<z"
 182      14F1 3D6F 
 182      6696 0EE7 
 182      D66B 688E 
 182      813F E159 
 183 0520 1C36 3901 		.ascii	"\03469\001\346\210\327\254'\tC\313\327\306$\3519'\326Qv\345\r"
 183      E688 D7AC 
 183      2709 43CB 
 183      D7C6 24E9 
 183      3927 D651 
 184 0537 E4A5 D438 		.ascii	"\344\245\3248\237xy\351\231\005|\353\307\352[\017\253yb\365\270"
 184      9F78 79E9 
 184      9905 7CEB 
 184      C7EA 5B0F 
 184      AB79 62F5 
 185 054c D5F9 5827 		.ascii	"\325\371X'\345\360\013B\327\322\235\362p\036\332\212\307\205"
 185      E5F0 0B42 
 185      D7D2 9DF2 
 185      701E DA8A 
 185      C785 
 186 055e 444D EFA9 		.ascii	"DM\357\251\237\207\247\036\017.\362P\336\370\342r\244\344 \017"
 186      9F87 A71E 
GAS LISTING /tmp/ccWJm17V.s 			page 14


 186      0F2E F250 
 186      DEF8 E272 
 186      A4E4 200F 
 187 0572 9AEE B1CF 		.ascii	"\232\356\261\317\243`\327\301\203\333\352e\273s\013\355OvP/\301"
 187      A360 D7C1 
 187      83DB EA65 
 187      BB73 0BED 
 187      4F76 502F 
 188 0587 4176 58C3 		.ascii	"AvX\303\"\034\024\326\330\355\343\027t\300>\203m\002\216\365"
 188      221C 14D6 
 188      D8ED E317 
 188      74C0 3E83 
 188      6D02 8EF5 
 189 059b BE41 99AC 		.ascii	"\276A\231\2548\345\303\362N:\276\310|\201#{\267\267\300f\360"
 189      38E5 C3F2 
 189      4E3A BEC8 
 189      7C81 237B 
 189      B7B7 C066 
 190 05b0 F73F B04B 		.ascii	"\367?\260K`6\310\240\342j>\236S\305<\206\374je\325\260\255Lv"
 190      6036 C8A0 
 190      E26A 3E9E 
 190      53C5 3C86 
 190      FC6A 65D5 
 191 05c8 962B E7AE 		.ascii	"\226+\347\256nUp\307\272\335\377\240\364>W=\371\266\355s\036"
 191      6E55 70C7 
 191      BADD FFA0 
 191      F43E 573D 
 191      F9B6 ED73 
 192 05dd 092C 939B 		.ascii	"\t,\223\233\354\222\013=F\251\224\007\362\375\261\256\305\360"
 192      EC92 0B3D 
 192      46A9 9407 
 192      F2FD B1AE 
 192      C5F0 
 193 05ef 0D22 5953 		.ascii	"\r\"YS#YU#Q\252Db\277\356\037\312\372\306\241\254\274\024\312"
 193      2359 5523 
 193      51AA 4462 
 193      BFEE 1FCA 
 193      FAC6 A1AC 
 194 0606 0A85 F282 		.ascii	"\n\205\362\202\205\262N\0346\272\200\254\315d.\030\275s\337\361"
 194      85B2 4E1C 
 194      36BA 80AC 
 194      CD64 2E18 
 194      BD73 DFF1 
 195 061a 4D72 5229 		.ascii	"MrR)y\022\261\311&q\323&\371\336\263I\212\033j\007$\251\214\247"
 195      7912 B1C9 
 195      2671 D326 
 195      F9DE B349 
 195      8A1B 6A07 
 196 0632 67BC F2C9 		.ascii	"g\274\362\311\233t-q\265\017\036z\005\357k2\313\317O\230\r\310"
 196      9B74 2D71 
 196      B50F 1E7A 
 196      05EF 6B32 
 196      CBCF 4F98 
 197 0648 A2AF C8F8 		.ascii	"\242\257\310\370\315\213\234)\262\"\367^(}O\252\342\251)\315"
 197      CD8B 9C29 
 197      B222 F75E 
 197      287D 4FAA 
GAS LISTING /tmp/ccWJm17V.s 			page 15


 197      E2A9 29CD 
 198 065c 2AEC 0AC5 		.ascii	"*\354\n\305\203 :\332N\360\366\316L\334\200*:\344\210q\220-b"
 198      8320 3ADA 
 198      4EF0 F6CE 
 198      4CDC 802A 
 198      3AE4 8871 
 199 0673 7F87 4362 		.ascii	"\177\207Cb4\344\212\374\030\260\343!\204\263\220\245\272\345"
 199      34E4 8AFC 
 199      18B0 E321 
 199      84B3 90A5 
 199      BAE5 
 200 0685 4F09 CEAF 		.ascii	"O\t\316\257\274N\352\354\263s\032\251\270\371\343\320\3214\353"
 200      BC4E EAEC 
 200      B373 1AA9 
 200      B8F9 E3D0 
 200      D134 EB
 201 0698 1E53 7DFD 		.ascii	"\036S}\375\201\275\2079\362\025\361\260H\275\207\275Q\373Q_\307"
 201      81BD 8739 
 201      F215 F1B0 
 201      48BD 87BD 
 201      51FB 515F 
 202 06ad 09BD 54CB 		.ascii	"\t\275T\313\203-]\354[\022)Z\247\3434o\013\0352\217\325\356\027"
 202      832D 5DEC 
 202      5B12 295A 
 202      A7E3 346F 
 202      0B1D 328F 
 203 06c4 ABDD 13EB 		.ascii	"\253\335\023\353G\024\353\377\256\301\021\221&+N\367\035\360"
 203      4714 EBFF 
 203      AEC1 1191 
 203      262B 4EF7 
 203      1DF0 
 204 06d6 CE1D E573 		.ascii	"\316\035\345s\327\027\013\236ov}\373Xdu\311\023\325\27247L4\207"
 204      D717 0B9E 
 204      6F76 7DFB 
 204      5864 75C9 
 204      13D5 BA34 
 205 06ee 491D 9C6A 		.ascii	"I\035\234j]\353w.\035\247:\344\375\367\332Ef\003\371~\\\363="
 205      5DEB 772E 
 205      1DA7 3AE4 
 205      FDF7 DA45 
 205      6603 F97E 
 206 0705 5C1D C4B5 		.ascii	"\\\035\304\265\374v\371\205\300\333\204\022p\233(P\223S@\311"
 206      FC76 F985 
 206      C0DB 8412 
 206      709B 2850 
 206      9353 40C9 
 207 0719 B9D2 7C6A 		.ascii	"\271\322|jO\200rM\200r\241\252\\H\312\325\023\267&\364\001\332"
 207      4F80 724D 
 207      8072 A1AA 
 207      5C48 CAD5 
 207      13B7 26F4 
 208 072f 0D01 97A5 		.ascii	"\r\001\227\245\"U\273\210\264K\272n\332u\006\334\020\331\377"
 208      2255 BB88 
 208      B44B BA6E 
 208      DA75 06DC 
 208      10D9 FF
 209 0742 EF85 022A 		.ascii	"\357\205\002*\256;n\005\026\366\223\200\302\036S\001\330;t\177"
GAS LISTING /tmp/ccWJm17V.s 			page 16


 209      AE3B 6E05 
 209      16F6 9380 
 209      C21E 5301 
 209      D83B 747F 
 210 0756 72BA CD94 		.ascii	"r\272\315\224dM\264\204\374\356\355?\304\274%hR\254\177\263i"
 210      644D B484 
 210      FCEE ED3F 
 210      C4BC 2568 
 210      52AC 7FB3 
 211 076b 52D3 AC07 		.ascii	"R\323\254\007B\343\023\330b|\222\240'%\213u\177\350\373\311\373"
 211      42E3 13D8 
 211      627C 92A0 
 211      2725 8B75 
 211      7FE8 FBC9 
 212 0780 AC69 A6B4 		.ascii	"\254i\246\264\214\024=}\305\233\005-}h\230\2066\335\226h\376"
 212      8C14 3D7D 
 212      C59B 052D 
 212      7D68 9886 
 212      36DD 9668 
 213 0795 7348 7AF2 		.ascii	"sHz\362\337\255&\333\366\204\214\3644t\260/\341\217fsB\342\201"
 213      DFAD 26DB 
 213      F684 8CF4 
 213      3474 B02F 
 213      E18F 6673 
 214 07ac B484 5FC5 		.ascii	"\264\204_\305\377:\376\227\t\311)\346\375\031\026kB\272\315b"
 214      FF3A FE97 
 214      09C9 29E6 
 214      FD19 166B 
 214      42BA CD62 
 215 07c0 B1BE 8FCE 		.ascii	"\261\276\217\316\rdebV\334\251\311\274\317\020\237"
 215      0D64 6562 
 215      56DC A9C9 
 215      BCCF 109F 
 216 07d0 C0FD 2709 		.ascii	"\300\375'\t\242y_\210\371/\026\364\250\317HN\261\275\271\313"
 216      A279 5F88 
 216      F92F 16F4 
 216      A8CF 484E 
 216      B1BD B9CB 
 217 07e4 64FB B1D7 		.ascii	"d\373\261\3275s\353\347\020\327\231Ez\252hN5\252\276\322\254"
 217      3573 EBE7 
 217      10D7 9945 
 217      7AAA 684E 
 217      35AA BED2 
 218 07f9 8936 6BB8 		.ascii	"\2116k\270:\310HK\263\246\330\302M|\230\376\327d\2339\311\240"
 218      3AC8 484B 
 218      B3A6 D8C2 
 218      4D7C 98FE 
 218      D764 9B39 
 219 080f AE59 2D56 		.ascii	"\256Y-V-*[>\324\251jR:.\232L\236\3305\346\244\304\264p\032%Z"
 219      2D2A 5B3E 
 219      D4A9 6A52 
 219      3A2E 9A4C 
 219      9ED8 35E6 
 220 082a 2C26 5B62 		.ascii	",&[b\362~\317*\216\377\013?U\202s"
 220      F27E CF2A 
 220      8EFF 0B3F 
 220      5582 73
GAS LISTING /tmp/ccWJm17V.s 			page 17


 221               		.text
 222               		.section	.gnu.lto_.symtab.76300b20eee0e1c8,"",@progbits
 223 0000 6669 6265 		.string	"fiber_create"
 223      725F 6372 
 223      6561 7465 
 223      00
 224 000d 00        		.string	""
 225 000e 00        		.string	""
 226 000f 00        		.string	""
 227 0010 00        		.string	""
 228 0011 00        		.string	""
 229 0012 00        		.string	""
 230 0013 00        		.string	""
 231 0014 00        		.string	""
 232 0015 00        		.string	""
 233 0016 00        		.string	""
 234 0017 00        		.string	""
 235 0018 E600      		.string	"\346"
 236 001a 00        		.string	""
 237 001b 00        		.string	""
 238 001c 7265 6164 		.string	"ready"
 238      7900 
 239 0022 00        		.string	""
 240 0023 00        		.string	""
 241 0024 00        		.string	""
 242 0025 00        		.string	""
 243 0026 00        		.string	""
 244 0027 00        		.string	""
 245 0028 00        		.string	""
 246 0029 00        		.string	""
 247 002a 00        		.string	""
 248 002b 00        		.string	""
 249 002c 00        		.string	""
 250 002d F500      		.string	"\365"
 251 002f 00        		.string	""
 252 0030 00        		.string	""
 253 0031 6669 6265 		.string	"fiber_current"
 253      725F 6375 
 253      7272 656E 
 253      7400 
 254 003f 00        		.string	""
 255 0040 00        		.string	""
 256 0041 00        		.string	""
 257 0042 00        		.string	""
 258 0043 00        		.string	""
 259 0044 00        		.string	""
 260 0045 00        		.string	""
 261 0046 00        		.string	""
 262 0047 00        		.string	""
 263 0048 00        		.string	""
 264 0049 00        		.string	""
 265 004a E900      		.string	"\351"
 266 004c 00        		.string	""
 267 004d 00        		.string	""
 268 004e 6375 7272 		.string	"current"
 268      656E 7400 
 269 0056 00        		.string	""
GAS LISTING /tmp/ccWJm17V.s 			page 18


 270 0057 0400      		.string	"\004"
 271 0059 0200      		.string	"\002"
 272 005b 00        		.string	""
 273 005c 00        		.string	""
 274 005d 00        		.string	""
 275 005e 00        		.string	""
 276 005f 00        		.string	""
 277 0060 00        		.string	""
 278 0061 F700      		.string	"\367"
 279 0063 00        		.string	""
 280 0064 00        		.string	""
 281 0065 5F66 6962 		.string	"_fiber_switch"
 281      6572 5F73 
 281      7769 7463 
 281      6800 
 282 0073 00        		.string	""
 283 0074 00        		.string	""
 284 0075 00        		.string	""
 285 0076 00        		.string	""
 286 0077 00        		.string	""
 287 0078 00        		.string	""
 288 0079 00        		.string	""
 289 007a 00        		.string	""
 290 007b 00        		.string	""
 291 007c 00        		.string	""
 292 007d 00        		.string	""
 293 007e EE00      		.string	"\356"
 294 0080 00        		.string	""
 295 0081 00        		.string	""
 296 0082 6669 6265 		.string	"fiber_cede"
 296      725F 6365 
 296      6465 00
 297 008d 00        		.string	""
 298 008e 00        		.string	""
 299 008f 00        		.string	""
 300 0090 00        		.string	""
 301 0091 00        		.string	""
 302 0092 00        		.string	""
 303 0093 00        		.string	""
 304 0094 00        		.string	""
 305 0095 00        		.string	""
 306 0096 00        		.string	""
 307 0097 00        		.string	""
 308 0098 F000      		.string	"\360"
 309 009a 00        		.string	""
 310 009b 00        		.string	""
 311 009c 7363 6800 		.string	"sch"
 312 00a0 00        		.string	""
 313 00a1 00        		.string	""
 314 00a2 00        		.string	""
 315 00a3 00        		.string	""
 316 00a4 00        		.string	""
 317 00a5 00        		.string	""
 318 00a6 00        		.string	""
 319 00a7 00        		.string	""
 320 00a8 00        		.string	""
 321 00a9 00        		.string	""
GAS LISTING /tmp/ccWJm17V.s 			page 19


 322 00aa 00        		.string	""
 323 00ab FC00      		.string	"\374"
 324 00ad 00        		.string	""
 325 00ae 00        		.string	""
 326               		.text
 327               		.section	.gnu.lto_.opts,"",@progbits
 328 0000 272D 666E 		.string	"'-fno-trapv' '-mn-flash=1' '-mno-skip-bug' '-mmcu=avr5' '-Os' '-ffunction-sections' '-fda
 328      6F2D 7472 
 328      6170 7627 
 328      2027 2D6D 
 328      6E2D 666C 
 329               		.text
 330               		.comm	__gnu_lto_v1,1,1
 331               		.comm	__gnu_lto_slim,1,1
 332               		.ident	"GCC: (GNU) 4.9.2"
GAS LISTING /tmp/ccWJm17V.s 			page 20


DEFINED SYMBOLS
                            *ABS*:0000000000000000 fiber.c
     /tmp/ccWJm17V.s:2      *ABS*:000000000000003e __SP_H__
     /tmp/ccWJm17V.s:3      *ABS*:000000000000003d __SP_L__
     /tmp/ccWJm17V.s:4      *ABS*:000000000000003f __SREG__
     /tmp/ccWJm17V.s:5      *ABS*:0000000000000000 __tmp_reg__
     /tmp/ccWJm17V.s:6      *ABS*:0000000000000001 __zero_reg__
                            *COM*:0000000000000001 __gnu_lto_v1
                            *COM*:0000000000000001 __gnu_lto_slim

NO UNDEFINED SYMBOLS
